<?xml version="1.0" encoding="UTF-8" standalone="yes"?>
<ns2:test-suite start="1649958370647" stop="1649958548465" version="1.4.15" xmlns:ns2="urn:model.allure.qatools.yandex.ru">
    <name>I am able to add connections | it recruiter |</name>
    <title>I am able to add connections | it recruiter |</title>
    <test-cases>
        <test-case start="1649958370653" stop="1649958370655" status="passed">
            <name>When I enter arian.gorani@gmail.com in email field and I enter konqar1989 in password field</name>
            <title>When I enter arian.gorani@gmail.com in email field and I enter konqar1989 in password field</title>
            <steps/>
            <attachments/>
            <labels>
                <label name="host" value="Arian-Gorani"/>
                <label name="thread" value="2908@Arian-Gorani.main(1)"/>
            </labels>
        </test-case>
        <test-case start="1649958373328" stop="1649958373328" status="passed">
            <name>When I search for it recruiter on the homepage</name>
            <title>When I search for it recruiter on the homepage</title>
            <steps/>
            <attachments/>
            <labels>
                <label name="host" value="Arian-Gorani"/>
                <label name="thread" value="2908@Arian-Gorani.main(1)"/>
            </labels>
        </test-case>
        <test-case start="1649958376508" stop="1649958376508" status="passed">
            <name>And I click on People option right under profile</name>
            <title>And I click on People option right under profile</title>
            <steps/>
            <attachments/>
            <labels>
                <label name="host" value="Arian-Gorani"/>
                <label name="thread" value="2908@Arian-Gorani.main(1)"/>
            </labels>
        </test-case>
        <test-case start="1649958548449" stop="1649958548465" status="broken">
            <name>Then I press all connect buttons</name>
            <title>Then I press all connect buttons</title>
            <failure>
                <message>WebDriverException: chrome not reachable
  (Session info: chrome=100.0.4896.88)
Build info: version: '4.1.1', revision: 'e8fcc2cecf'
System info: host: 'ARIAN-GORANI', ip: '192.168.1.12', os.name: 'Windows 10', os.arch: 'amd64', os.version: '10.0', java.version: '1.8.0_321'
Driver info: org.openqa.selenium.chrome.ChromeDriver
Command: [b719ac445b099ff212125b5016156a94, findElement {using=xpath, value=//span[text()='Next']}]
Capabilities {acceptInsecureCerts: false, browserName: chrome, browserVersion: 100.0.4896.88, chrome: {chromedriverVersion: 99.0.4844.51 (d537ec02474b5..., userDataDir: C:\Users\arian\AppData\Loca...}, goog:chromeOptions: {debuggerAddress: localhost:14287}, javascriptEnabled: true, networkConnectionEnabled: false, pageLoadStrategy: normal, platform: WINDOWS, platformName: WINDOWS, proxy: Proxy(), se:cdp: ws://localhost:14287/devtoo..., se:cdpVersion: 100.0.4896.88, setWindowRect: true, strictFileInteractability: false, timeouts: {implicit: 0, pageLoad: 300000, script: 30000}, unhandledPromptBehavior: dismiss and notify, webauthn:extension:credBlob: true, webauthn:extension:largeBlob: true, webauthn:virtualAuthenticators: true}
Session ID: b719ac445b099ff212125b5016156a94</message>
                <stack-trace>org.openqa.selenium.WebDriverException: chrome not reachable
  (Session info: chrome=100.0.4896.88)
Build info: version: '4.1.1', revision: 'e8fcc2cecf'
System info: host: 'ARIAN-GORANI', ip: '192.168.1.12', os.name: 'Windows 10', os.arch: 'amd64', os.version: '10.0', java.version: '1.8.0_321'
Driver info: org.openqa.selenium.chrome.ChromeDriver
Command: [b719ac445b099ff212125b5016156a94, findElement {using=xpath, value=//span[text()='Next']}]
Capabilities {acceptInsecureCerts: false, browserName: chrome, browserVersion: 100.0.4896.88, chrome: {chromedriverVersion: 99.0.4844.51 (d537ec02474b5..., userDataDir: C:\Users\arian\AppData\Loca...}, goog:chromeOptions: {debuggerAddress: localhost:14287}, javascriptEnabled: true, networkConnectionEnabled: false, pageLoadStrategy: normal, platform: WINDOWS, platformName: WINDOWS, proxy: Proxy(), se:cdp: ws://localhost:14287/devtoo..., se:cdpVersion: 100.0.4896.88, setWindowRect: true, strictFileInteractability: false, timeouts: {implicit: 0, pageLoad: 300000, script: 30000}, unhandledPromptBehavior: dismiss and notify, webauthn:extension:credBlob: true, webauthn:extension:largeBlob: true, webauthn:virtualAuthenticators: true}
Session ID: b719ac445b099ff212125b5016156a94
	at sun.reflect.NativeConstructorAccessorImpl.newInstance0(Native Method)
	at sun.reflect.NativeConstructorAccessorImpl.newInstance(NativeConstructorAccessorImpl.java:62)
	at sun.reflect.DelegatingConstructorAccessorImpl.newInstance(DelegatingConstructorAccessorImpl.java:45)
	at java.lang.reflect.Constructor.newInstance(Constructor.java:423)
	at org.openqa.selenium.remote.codec.w3c.W3CHttpResponseCodec.createException(W3CHttpResponseCodec.java:200)
	at org.openqa.selenium.remote.codec.w3c.W3CHttpResponseCodec.decode(W3CHttpResponseCodec.java:133)
	at org.openqa.selenium.remote.codec.w3c.W3CHttpResponseCodec.decode(W3CHttpResponseCodec.java:53)
	at org.openqa.selenium.remote.HttpCommandExecutor.execute(HttpCommandExecutor.java:184)
	at org.openqa.selenium.remote.service.DriverCommandExecutor.invokeExecute(DriverCommandExecutor.java:167)
	at org.openqa.selenium.remote.service.DriverCommandExecutor.execute(DriverCommandExecutor.java:142)
	at org.openqa.selenium.remote.RemoteWebDriver.execute(RemoteWebDriver.java:543)
	at org.openqa.selenium.remote.ElementLocation$ElementFinder$2.findElement(ElementLocation.java:162)
	at org.openqa.selenium.remote.ElementLocation.findElement(ElementLocation.java:60)
	at org.openqa.selenium.remote.RemoteWebDriver.findElement(RemoteWebDriver.java:367)
	at org.openqa.selenium.remote.RemoteWebDriver.findElement(RemoteWebDriver.java:359)
	at Generic.WebCommands$1.apply(WebCommands.java:39)
	at Generic.WebCommands$1.apply(WebCommands.java:37)
	at org.openqa.selenium.support.ui.FluentWait.until(FluentWait.java:208)
	at Generic.WebCommands.getElement(WebCommands.java:37)
	at Generic.WebCommands.clickThis(WebCommands.java:84)
	at LinkedPages.LinkedInPOM.scrollToBottomOfPage(LinkedInPOM.java:93)
	at LinkedInSD.LinkedInSD.pressConnectButtons(LinkedInSD.java:33)
	at âœ½.Then I press all connect buttons(AddingConnections.feature:8)
</stack-trace>
            </failure>
            <steps/>
            <attachments/>
            <labels>
                <label name="host" value="Arian-Gorani"/>
                <label name="thread" value="2908@Arian-Gorani.main(1)"/>
            </labels>
        </test-case>
    </test-cases>
    <labels>
        <label name="story" value="I am able to add connections | it recruiter |"/>
        <label name="feature" value="Adding connections"/>
        <label name="framework" value="CucumberJVM"/>
        <label name="language" value="JAVA"/>
    </labels>
</ns2:test-suite>
